<?xml version="1.0" encoding="UTF-8"?>
<!-- Generated by org.testng.reporters.JUnitReportReporter -->
<testsuite hostname="DevoPriya-Desktop" failures="0" tests="2" name="com.crm.Demo10.Org.orgTest" time="0.022" errors="0" timestamp="30 Dec 2021 12:30:51 GMT" skipped="0">
  <testcase classname="com.crm.Demo10.Org.orgTest" name="deleteOrg" time="0.003"/>
  <testcase classname="com.crm.Demo10.Org.orgTest" name="createOrg" time="0.019"/>
</testsuite> <!-- com.crm.Demo10.Org.orgTest -->
