<?xml version="1.0" encoding="UTF-8"?>
<!-- Generated by org.testng.reporters.JUnitReportReporter -->
<testsuite hostname="DevoPriya-Desktop" failures="0" tests="1" name="com.crm.Demo10.Org.GithubJenkins" time="0.011" errors="0" timestamp="2021-12-31T21:41:14 IST" skipped="0">
  <testcase classname="com.crm.Demo10.Org.GithubJenkins" name="githubJenkis" time="0.011"/>
  <system-out/>
</testsuite> <!-- com.crm.Demo10.Org.GithubJenkins -->
